<?xml version="1.0" encoding="UTF-8"?>
<testsuite xmlns:xsi="http://www.w3.org/2001/XMLSchema-instance" xsi:noNamespaceSchemaLocation="https://maven.apache.org/surefire/maven-surefire-plugin/xsd/surefire-test-report.xsd" version="3.0.2" name="com.demo.department.DepartmentServiceApplicationTests" time="10.756" tests="1" errors="0" skipped="0" failures="0">
  <properties>
[...]
</properties>
  <testcase name="contextLoads" classname="com.demo.department.DepartmentServiceApplicationTests" time="1.07">
    <system-out><![CDATA[19:07:14.072 [main] INFO org.springframework.test.context.support.AnnotationConfigContextLoaderUtils -- Could not detect default configuration classes for test class [com.demo.department.DepartmentServiceApplicationTests]: DepartmentServiceApplicationTests does not declare any static, non-private, non-final, nested classes annotated with @Configuration.
19:07:14.306 [main] INFO org.springframework.boot.test.context.SpringBootTestContextBootstrapper -- Found @SpringBootConfiguration com.demo.department.DepartmentServiceApplication for test class com.demo.department.DepartmentServiceApplicationTests

  .   ____          _            __ _ _
 /\\ / ___'_ __ _ _(_)_ __  __ _ \ \ \ \
( ( )\___ | '_ | '_| | '_ \/ _` | \ \ \ \
 \\/  ___)| |_)| | | | | || (_| |  ) ) ) )
  '  |____| .__|_| |_|_| |_\__, | / / / /
 =========|_|==============|___/=/_/_/_/

 :: Spring Boot ::                (v3.5.0)

2026-06-22T19:07:15.232-05:00  INFO 14944 --- [department-service] [           main] c.d.d.DepartmentServiceApplicationTests  : Starting DepartmentServiceApplicationTests using Java 21.0.4 with PID 14944 (started by B36559 in D:\cursos\diplomado arquitectura\modulo02\soa-demo\department-service)
2026-06-22T19:07:15.235-05:00  INFO 14944 --- [department-service] [           main] c.d.d.DepartmentServiceApplicationTests  : No active profile set, falling back to 1 default profile: "default"
2026-06-22T19:07:16.752-05:00  INFO 14944 --- [department-service] [           main] .s.d.r.c.RepositoryConfigurationDelegate : Bootstrapping Spring Data JPA repositories in DEFAULT mode.
2026-06-22T19:07:16.863-05:00  INFO 14944 --- [department-service] [           main] .s.d.r.c.RepositoryConfigurationDelegate : Finished Spring Data repository scanning in 90 ms. Found 1 JPA repository interface.
2026-06-22T19:07:17.668-05:00  INFO 14944 --- [department-service] [           main] o.hibernate.jpa.internal.util.LogHelper  : HHH000204: Processing PersistenceUnitInfo [name: default]
2026-06-22T19:07:17.881-05:00  INFO 14944 --- [department-service] [           main] org.hibernate.Version                    : HHH000412: Hibernate ORM core version 6.6.15.Final
2026-06-22T19:07:17.959-05:00  INFO 14944 --- [department-service] [           main] o.h.c.internal.RegionFactoryInitiator    : HHH000026: Second-level cache disabled
2026-06-22T19:07:18.553-05:00  INFO 14944 --- [department-service] [           main] o.s.o.j.p.SpringPersistenceUnitInfo      : No LoadTimeWeaver setup: ignoring JPA class transformer
2026-06-22T19:07:18.609-05:00  INFO 14944 --- [department-service] [           main] com.zaxxer.hikari.HikariDataSource       : HikariPool-1 - Starting...
2026-06-22T19:07:18.919-05:00  INFO 14944 --- [department-service] [           main] com.zaxxer.hikari.pool.HikariPool        : HikariPool-1 - Added connection conn0: url=jdbc:h2:mem:departmentdb user=SA
2026-06-22T19:07:18.923-05:00  INFO 14944 --- [department-service] [           main] com.zaxxer.hikari.HikariDataSource       : HikariPool-1 - Start completed.
2026-06-22T19:07:18.966-05:00  WARN 14944 --- [department-service] [           main] org.hibernate.orm.deprecation            : HHH90000025: H2Dialect does not need to be specified explicitly using 'hibernate.dialect' (remove the property setting and it will be selected by default)
2026-06-22T19:07:19.008-05:00  INFO 14944 --- [department-service] [           main] org.hibernate.orm.connections.pooling    : HHH10001005: Database info:
	Database JDBC URL [Connecting through datasource 'HikariDataSource (HikariPool-1)']
	Database driver: undefined/unknown
	Database version: 2.3.232
	Autocommit mode: undefined/unknown
	Isolation level: undefined/unknown
	Minimum pool size: undefined/unknown
	Maximum pool size: undefined/unknown
2026-06-22T19:07:20.336-05:00  INFO 14944 --- [department-service] [           main] o.h.e.t.j.p.i.JtaPlatformInitiator       : HHH000489: No JTA platform available (set 'hibernate.transaction.jta.platform' to enable JTA platform integration)
Hibernate: 
    drop table if exists departments cascade 
Hibernate: 
    create table departments (
        id bigint generated by default as identity,
        nombre varchar(255) not null,
        primary key (id)
    )
2026-06-22T19:07:20.393-05:00  INFO 14944 --- [department-service] [           main] j.LocalContainerEntityManagerFactoryBean : Initialized JPA EntityManagerFactory for persistence unit 'default'
2026-06-22T19:07:21.342-05:00  WARN 14944 --- [department-service] [           main] JpaBaseConfiguration$JpaWebConfiguration : spring.jpa.open-in-view is enabled by default. Therefore, database queries may be performed during view rendering. Explicitly configure spring.jpa.open-in-view to disable this warning
2026-06-22T19:07:22.151-05:00  INFO 14944 --- [department-service] [           main] o.s.b.a.h2.H2ConsoleAutoConfiguration    : H2 console available at '/h2-console'. Database available at 'jdbc:h2:mem:departmentdb'
2026-06-22T19:07:22.271-05:00  INFO 14944 --- [department-service] [           main] c.d.d.DepartmentServiceApplicationTests  : Started DepartmentServiceApplicationTests in 7.659 seconds (process running for 9.674)
Hibernate: 
    select
        count(*) 
    from
        departments d1_0
Hibernate: 
    insert 
    into
        departments
        (nombre, id) 
    values
        (?, default)
Hibernate: 
    insert 
    into
        departments
        (nombre, id) 
    values
        (?, default)
Hibernate: 
    insert 
    into
        departments
        (nombre, id) 
    values
        (?, default)
Hibernate: 
    insert 
    into
        departments
        (nombre, id) 
    values
        (?, default)
Hibernate: 
    insert 
    into
        departments
        (nombre, id) 
    values
        (?, default)
2026-06-22T19:07:23.482-05:00  INFO 14944 --- [department-service] [           main] com.demo.department.config.DataLoader    : DataLoader: 5 departamentos cargados exitosamente.
]]></system-out>
    <system-err><![CDATA[Mockito is currently self-attaching to enable the inline-mock-maker. This will no longer work in future releases of the JDK. Please add Mockito as an agent to your build as described in Mockito's documentation: https://javadoc.io/doc/org.mockito/mockito-core/latest/org.mockito/org/mockito/Mockito.html#0.3
WARNING: A Java agent has been loaded dynamically (C:\Users\B36559\.m2\repository\net\bytebuddy\byte-buddy-agent\1.17.5\byte-buddy-agent-1.17.5.jar)
WARNING: If a serviceability tool is in use, please run with -XX:+EnableDynamicAgentLoading to hide this warning
WARNING: If a serviceability tool is not in use, please run with -Djdk.instrument.traceUsage for more information
WARNING: Dynamic loading of agents will be disallowed by default in a future release
]]></system-err>
  </testcase>
</testsuite>