<?xml version="1.0" encoding="UTF-8"?>
<testsuite xmlns:xsi="http://www.w3.org/2001/XMLSchema-instance" xsi:noNamespaceSchemaLocation="https://maven.apache.org/surefire/maven-surefire-plugin/xsd/surefire-test-report.xsd" version="3.0.2" name="com.example.exchange.ExchangeServiceApplicationTests" time="6.032" tests="1" errors="0" skipped="0" failures="0">
  <properties>
[...]
</properties>
  <testcase name="contextLoads" classname="com.example.exchange.ExchangeServiceApplicationTests" time="1.754">
    <system-out><![CDATA[18:52:17.388 [main] INFO org.springframework.test.context.support.AnnotationConfigContextLoaderUtils -- Could not detect default configuration classes for test class [com.example.exchange.ExchangeServiceApplicationTests]: ExchangeServiceApplicationTests does not declare any static, non-private, non-final, nested classes annotated with @Configuration.
18:52:17.676 [main] INFO org.springframework.boot.test.context.SpringBootTestContextBootstrapper -- Found @SpringBootConfiguration com.example.exchange.ExchangeServiceApplication for test class com.example.exchange.ExchangeServiceApplicationTests

  .   ____          _            __ _ _
 /\\ / ___'_ __ _ _(_)_ __  __ _ \ \ \ \
( ( )\___ | '_ | '_| | '_ \/ _` | \ \ \ \
 \\/  ___)| |_)| | | | | || (_| |  ) ) ) )
  '  |____| .__|_| |_|_| |_\__, | / / / /
 =========|_|==============|___/=/_/_/_/

 :: Spring Boot ::                (v3.5.0)

2026-06-22T18:52:18.624-05:00  INFO 27544 --- [exchange-service] [           main] c.e.e.ExchangeServiceApplicationTests    : Starting ExchangeServiceApplicationTests using Java 21.0.4 with PID 27544 (started by B36559 in D:\cursos\diplomado arquitectura\modulo02\soa-demo\exchange-service)
2026-06-22T18:52:18.627-05:00  INFO 27544 --- [exchange-service] [           main] c.e.e.ExchangeServiceApplicationTests    : No active profile set, falling back to 1 default profile: "default"
2026-06-22T18:52:21.369-05:00  INFO 27544 --- [exchange-service] [           main] c.e.e.ExchangeServiceApplicationTests    : Started ExchangeServiceApplicationTests in 3.346 seconds (process running for 5.544)
]]></system-out>
    <system-err><![CDATA[Mockito is currently self-attaching to enable the inline-mock-maker. This will no longer work in future releases of the JDK. Please add Mockito as an agent to your build as described in Mockito's documentation: https://javadoc.io/doc/org.mockito/mockito-core/latest/org.mockito/org/mockito/Mockito.html#0.3
WARNING: A Java agent has been loaded dynamically (C:\Users\B36559\.m2\repository\net\bytebuddy\byte-buddy-agent\1.17.5\byte-buddy-agent-1.17.5.jar)
WARNING: If a serviceability tool is in use, please run with -XX:+EnableDynamicAgentLoading to hide this warning
WARNING: If a serviceability tool is not in use, please run with -Djdk.instrument.traceUsage for more information
WARNING: Dynamic loading of agents will be disallowed by default in a future release
]]></system-err>
  </testcase>
</testsuite>